This is pdfTeX, Version 3.141592653-2.6-1.40.28 (TeX Live 2025) (preloaded format=pdflatex 2025.7.30)  15 JUN 2026 12:45
entering extended mode
 restricted \write18 enabled.
 file:line:error style messages enabled.
 %&-line parsing enabled.
**/Users/robert/Documents/Dissertation/PageSubsetDocument.tex
(/Users/robert/Documents/Dissertation/PageSubsetDocument.tex
LaTeX2e <2025-06-01> patch level 1
L3 programming layer <2025-07-19>
(/usr/local/texlive/2025/texmf-dist/tex/latex/base/article.cls
Document Class: article 2025/01/22 v1.4n Standard LaTeX document class
(/usr/local/texlive/2025/texmf-dist/tex/latex/base/size10.clo
File: size10.clo 2025/01/22 v1.4n Standard LaTeX file (size option)
)
\c@part=\count275
\c@section=\count276
\c@subsection=\count277
\c@subsubsection=\count278
\c@paragraph=\count279
\c@subparagraph=\count280
\c@figure=\count281
\c@table=\count282
\abovecaptionskip=\skip49
\belowcaptionskip=\skip50
\bibindent=\dimen148
) (/usr/local/texlive/2025/texmf-dist/tex/latex/pdfpages/pdfpages.sty
Package: pdfpages 2025/07/23 v0.6g Insert pages of external PDF documents (AM)
 (/usr/local/texlive/2025/texmf-dist/tex/latex/base/ifthen.sty
Package: ifthen 2024/03/16 v1.1e Standard LaTeX ifthen package (DPC)
) (/usr/local/texlive/2025/texmf-dist/tex/latex/tools/calc.sty
Package: calc 2025/03/01 v4.3b Infix arithmetic (KKT,FJ)
\calc@Acount=\count283
\calc@Bcount=\count284
\calc@Adimen=\dimen149
\calc@Bdimen=\dimen150
\calc@Askip=\skip51
\calc@Bskip=\skip52
LaTeX Info: Redefining \setlength on input line 86.
LaTeX Info: Redefining \addtolength on input line 87.
\calc@Ccount=\count285
\calc@Cskip=\skip53
) (/usr/local/texlive/2025/texmf-dist/tex/latex/eso-pic/eso-pic.sty
Package: eso-pic 2023/05/03 v3.0c eso-pic (RN)
\ESO@tempdima=\dimen151
\ESO@tempdimb=\dimen152
 (/usr/local/texlive/2025/texmf-dist/tex/latex/graphics/keyval.sty
Package: keyval 2022/05/29 v1.15 key=value parser (DPC)
\KV@toks@=\toks17
) (/usr/local/texlive/2025/texmf-dist/tex/latex/xcolor/xcolor.sty
Package: xcolor 2024/09/29 v3.02 LaTeX color extensions (UK)
 (/usr/local/texlive/2025/texmf-dist/tex/latex/graphics-cfg/color.cfg
File: color.cfg 2016/01/02 v1.6 sample color configuration
)
Package xcolor Info: Driver file: pdftex.def on input line 274.
 (/usr/local/texlive/2025/texmf-dist/tex/latex/graphics-def/pdftex.def
File: pdftex.def 2024/04/13 v1.2c Graphics/color driver for pdftex
) (/usr/local/texlive/2025/texmf-dist/tex/latex/graphics/mathcolor.ltx)
Package xcolor Info: Model `cmy' substituted by `cmy0' on input line 1349.
Package xcolor Info: Model `hsb' substituted by `rgb' on input line 1353.
Package xcolor Info: Model `RGB' extended on input line 1365.
Package xcolor Info: Model `HTML' substituted by `rgb' on input line 1367.
Package xcolor Info: Model `Hsb' substituted by `hsb' on input line 1368.
Package xcolor Info: Model `tHsb' substituted by `hsb' on input line 1369.
Package xcolor Info: Model `HSB' substituted by `hsb' on input line 1370.
Package xcolor Info: Model `Gray' substituted by `gray' on input line 1371.
Package xcolor Info: Model `wave' substituted by `hsb' on input line 1372.
)) (/usr/local/texlive/2025/texmf-dist/tex/latex/etoolbox/etoolbox.sty
Package: etoolbox 2025/02/11 v2.5l e-TeX tools for LaTeX (JAW)
\etb@tempcnta=\count286
) (/usr/local/texlive/2025/texmf-dist/tex/latex/graphics/graphicx.sty
Package: graphicx 2024/12/31 v1.2e Enhanced LaTeX Graphics (DPC,SPQR)
 (/usr/local/texlive/2025/texmf-dist/tex/latex/graphics/graphics.sty
Package: graphics 2024/08/06 v1.4g Standard LaTeX Graphics (DPC,SPQR)
 (/usr/local/texlive/2025/texmf-dist/tex/latex/graphics/trig.sty
Package: trig 2023/12/02 v1.11 sin cos tan (DPC)
) (/usr/local/texlive/2025/texmf-dist/tex/latex/graphics-cfg/graphics.cfg
File: graphics.cfg 2016/06/04 v1.11 sample graphics configuration
)
Package graphics Info: Driver file: pdftex.def on input line 106.
)
\Gin@req@height=\dimen153
\Gin@req@width=\dimen154
)
\AM@pagewidth=\dimen155
\AM@pageheight=\dimen156
\AM@fboxrule=\dimen157
 (/usr/local/texlive/2025/texmf-dist/tex/latex/pdfpages/pppdftex.def
File: pppdftex.def 2025/07/23 v0.6g Pdfpages driver for pdfTeX (AM)
)
\pdfpages@includegraphics@status=\count287
\AM@pagebox=\box53
\AM@global@opts=\toks18
\AM@pagecnt=\count288
\AM@toc@title=\toks19
\AM@lof@heading=\toks20
\c@AM@survey=\count289
\AM@templatesizebox=\box54
) (/usr/local/texlive/2025/texmf-dist/tex/latex/l3backend/l3backend-pdftex.def
File: l3backend-pdftex.def 2025-06-09 L3 backend support: PDF output (pdfTeX)
\l__color_backend_stack_int=\count290
) (./PageSubsetDocument.aux)
\openout1 = `PageSubsetDocument.aux'.

LaTeX Font Info:    Checking defaults for OML/cmm/m/it on input line 4.
LaTeX Font Info:    ... okay on input line 4.
LaTeX Font Info:    Checking defaults for OMS/cmsy/m/n on input line 4.
LaTeX Font Info:    ... okay on input line 4.
LaTeX Font Info:    Checking defaults for OT1/cmr/m/n on input line 4.
LaTeX Font Info:    ... okay on input line 4.
LaTeX Font Info:    Checking defaults for T1/cmr/m/n on input line 4.
LaTeX Font Info:    ... okay on input line 4.
LaTeX Font Info:    Checking defaults for TS1/cmr/m/n on input line 4.
LaTeX Font Info:    ... okay on input line 4.
LaTeX Font Info:    Checking defaults for OMX/cmex/m/n on input line 4.
LaTeX Font Info:    ... okay on input line 4.
LaTeX Font Info:    Checking defaults for U/cmr/m/n on input line 4.
LaTeX Font Info:    ... okay on input line 4.
 (/usr/local/texlive/2025/texmf-dist/tex/context/base/mkii/supp-pdf.mkii
[Loading MPS to PDF converter (version 2006.09.02).]
\scratchcounter=\count291
\scratchdimen=\dimen158
\scratchbox=\box55
\nofMPsegments=\count292
\nofMParguments=\count293
\everyMPshowfont=\toks21
\MPscratchCnt=\count294
\MPscratchDim=\dimen159
\MPnumerator=\count295
\makeMPintoPDFobject=\count296
\everyMPtoPDFconversion=\toks22
) (/usr/local/texlive/2025/texmf-dist/tex/latex/epstopdf-pkg/epstopdf-base.sty
Package: epstopdf-base 2020-01-24 v2.11 Base part for package epstopdf
Package epstopdf-base Info: Redefining graphics rule for `.eps' on input line 485.
 (/usr/local/texlive/2025/texmf-dist/tex/latex/latexconfig/epstopdf-sys.cfg
File: epstopdf-sys.cfg 2010/07/13 v1.3 Configuration of (r)epstopdf for TeX Live
)) (/usr/local/texlive/2025/texmf-dist/tex/latex/pdflscape/pdflscape.sty
Package: pdflscape 2025-06-23 v0.14 Display of landscape pages in PDF
 (/usr/local/texlive/2025/texmf-dist/tex/latex/pdflscape/pdflscape-nometadata.sty
Package: pdflscape-nometadata 2025-06-23 v0.14 Display of landscape pages in PDF (HO)
 (/usr/local/texlive/2025/texmf-dist/tex/generic/iftex/iftex.sty
Package: iftex 2024/12/12 v1.0g TeX engine tests
) (/usr/local/texlive/2025/texmf-dist/tex/latex/graphics/lscape.sty
Package: lscape 2020/05/28 v3.02 Landscape Pages (DPC)
)
Package pdflscape Info: Auto-detected driver: pdftex on input line 81.
))
<RLeeDissertation.pdf, id=1, 614.295pt x 794.97pt>
File: RLeeDissertation.pdf Graphic file (type pdf)
<use RLeeDissertation.pdf>
Package pdftex.def Info: RLeeDissertation.pdf  used on input line 8.
(pdftex.def)             Requested size: 614.29349pt x 794.96806pt.
<RLeeDissertation.pdf, id=3, page=36, 614.295pt x 794.97pt>
File: RLeeDissertation.pdf Graphic file (type pdf)
<use RLeeDissertation.pdf, page 36>
Package pdftex.def Info: RLeeDissertation.pdf , page36 used on input line 8.
(pdftex.def)             Requested size: 614.29349pt x 794.96806pt.
File: RLeeDissertation.pdf Graphic file (type pdf)
<use RLeeDissertation.pdf, page 36>
Package pdftex.def Info: RLeeDissertation.pdf , page36 used on input line 8.
(pdftex.def)             Requested size: 614.58406pt x 795.3441pt.
File: RLeeDissertation.pdf Graphic file (type pdf)
<use RLeeDissertation.pdf, page 36>
Package pdftex.def Info: RLeeDissertation.pdf , page36 used on input line 8.
(pdftex.def)             Requested size: 614.58406pt x 795.3441pt.
File: RLeeDissertation.pdf Graphic file (type pdf)
<use RLeeDissertation.pdf, page 36>
Package pdftex.def Info: RLeeDissertation.pdf , page36 used on input line 8.
(pdftex.def)             Requested size: 614.58406pt x 795.3441pt.


File: RLeeDissertation.pdf Graphic file (type pdf)
<use RLeeDissertation.pdf, page 36>
Package pdftex.def Info: RLeeDissertation.pdf , page36 used on input line 8.
(pdftex.def)             Requested size: 614.58406pt x 795.3441pt.
[1


 <./RLeeDissertation.pdf{/usr/local/texlive/2025/texmf-var/fonts/map/pdftex/updmap/pdftex.map}>]
<RLeeDissertation.pdf, id=40, page=37, 614.295pt x 794.97pt>
File: RLeeDissertation.pdf Graphic file (type pdf)
<use RLeeDissertation.pdf, page 37>
Package pdftex.def Info: RLeeDissertation.pdf , page37 used on input line 8.
(pdftex.def)             Requested size: 614.58406pt x 795.3441pt.
File: RLeeDissertation.pdf Graphic file (type pdf)
<use RLeeDissertation.pdf, page 37>
Package pdftex.def Info: RLeeDissertation.pdf , page37 used on input line 8.
(pdftex.def)             Requested size: 614.58406pt x 795.3441pt.


File: RLeeDissertation.pdf Graphic file (type pdf)
<use RLeeDissertation.pdf, page 37>
Package pdftex.def Info: RLeeDissertation.pdf , page37 used on input line 8.
(pdftex.def)             Requested size: 614.58406pt x 795.3441pt.
[2

 <./RLeeDissertation.pdf>]
<RLeeDissertation.pdf, id=44, page=38, 614.295pt x 794.97pt>
File: RLeeDissertation.pdf Graphic file (type pdf)
<use RLeeDissertation.pdf, page 38>
Package pdftex.def Info: RLeeDissertation.pdf , page38 used on input line 8.
(pdftex.def)             Requested size: 614.58406pt x 795.3441pt.
File: RLeeDissertation.pdf Graphic file (type pdf)
<use RLeeDissertation.pdf, page 38>
Package pdftex.def Info: RLeeDissertation.pdf , page38 used on input line 8.
(pdftex.def)             Requested size: 614.58406pt x 795.3441pt.


File: RLeeDissertation.pdf Graphic file (type pdf)
<use RLeeDissertation.pdf, page 38>
Package pdftex.def Info: RLeeDissertation.pdf , page38 used on input line 8.
(pdftex.def)             Requested size: 614.58406pt x 795.3441pt.
[3

 <./RLeeDissertation.pdf>]
<RLeeDissertation.pdf, id=48, page=39, 614.295pt x 794.97pt>
File: RLeeDissertation.pdf Graphic file (type pdf)
<use RLeeDissertation.pdf, page 39>
Package pdftex.def Info: RLeeDissertation.pdf , page39 used on input line 8.
(pdftex.def)             Requested size: 614.58406pt x 795.3441pt.
File: RLeeDissertation.pdf Graphic file (type pdf)
<use RLeeDissertation.pdf, page 39>
Package pdftex.def Info: RLeeDissertation.pdf , page39 used on input line 8.
(pdftex.def)             Requested size: 614.58406pt x 795.3441pt.


File: RLeeDissertation.pdf Graphic file (type pdf)
<use RLeeDissertation.pdf, page 39>
Package pdftex.def Info: RLeeDissertation.pdf , page39 used on input line 8.
(pdftex.def)             Requested size: 614.58406pt x 795.3441pt.
[4

 <./RLeeDissertation.pdf>]
<RLeeDissertation.pdf, id=52, page=40, 614.295pt x 794.97pt>
File: RLeeDissertation.pdf Graphic file (type pdf)
<use RLeeDissertation.pdf, page 40>
Package pdftex.def Info: RLeeDissertation.pdf , page40 used on input line 8.
(pdftex.def)             Requested size: 614.58406pt x 795.3441pt.
File: RLeeDissertation.pdf Graphic file (type pdf)
<use RLeeDissertation.pdf, page 40>
Package pdftex.def Info: RLeeDissertation.pdf , page40 used on input line 8.
(pdftex.def)             Requested size: 614.58406pt x 795.3441pt.


File: RLeeDissertation.pdf Graphic file (type pdf)
<use RLeeDissertation.pdf, page 40>
Package pdftex.def Info: RLeeDissertation.pdf , page40 used on input line 8.
(pdftex.def)             Requested size: 614.58406pt x 795.3441pt.
[5

 <./RLeeDissertation.pdf>]
<RLeeDissertation.pdf, id=56, page=41, 614.295pt x 794.97pt>
File: RLeeDissertation.pdf Graphic file (type pdf)
<use RLeeDissertation.pdf, page 41>
Package pdftex.def Info: RLeeDissertation.pdf , page41 used on input line 8.
(pdftex.def)             Requested size: 614.58406pt x 795.3441pt.
File: RLeeDissertation.pdf Graphic file (type pdf)
<use RLeeDissertation.pdf, page 41>
Package pdftex.def Info: RLeeDissertation.pdf , page41 used on input line 8.
(pdftex.def)             Requested size: 614.58406pt x 795.3441pt.


File: RLeeDissertation.pdf Graphic file (type pdf)
<use RLeeDissertation.pdf, page 41>
Package pdftex.def Info: RLeeDissertation.pdf , page41 used on input line 8.
(pdftex.def)             Requested size: 614.58406pt x 795.3441pt.
[6

 <./RLeeDissertation.pdf>]
<RLeeDissertation.pdf, id=68, page=42, 614.295pt x 794.97pt>
File: RLeeDissertation.pdf Graphic file (type pdf)
<use RLeeDissertation.pdf, page 42>
Package pdftex.def Info: RLeeDissertation.pdf , page42 used on input line 8.
(pdftex.def)             Requested size: 614.58406pt x 795.3441pt.
File: RLeeDissertation.pdf Graphic file (type pdf)
<use RLeeDissertation.pdf, page 42>
Package pdftex.def Info: RLeeDissertation.pdf , page42 used on input line 8.
(pdftex.def)             Requested size: 614.58406pt x 795.3441pt.


File: RLeeDissertation.pdf Graphic file (type pdf)
<use RLeeDissertation.pdf, page 42>
Package pdftex.def Info: RLeeDissertation.pdf , page42 used on input line 8.
(pdftex.def)             Requested size: 614.58406pt x 795.3441pt.
[7

 <./RLeeDissertation.pdf>]
<RLeeDissertation.pdf, id=73, page=43, 614.295pt x 794.97pt>
File: RLeeDissertation.pdf Graphic file (type pdf)
<use RLeeDissertation.pdf, page 43>
Package pdftex.def Info: RLeeDissertation.pdf , page43 used on input line 8.
(pdftex.def)             Requested size: 614.58406pt x 795.3441pt.
File: RLeeDissertation.pdf Graphic file (type pdf)
<use RLeeDissertation.pdf, page 43>
Package pdftex.def Info: RLeeDissertation.pdf , page43 used on input line 8.
(pdftex.def)             Requested size: 614.58406pt x 795.3441pt.


File: RLeeDissertation.pdf Graphic file (type pdf)
<use RLeeDissertation.pdf, page 43>
Package pdftex.def Info: RLeeDissertation.pdf , page43 used on input line 8.
(pdftex.def)             Requested size: 614.58406pt x 795.3441pt.
[8

 <./RLeeDissertation.pdf>]
<RLeeDissertation.pdf, id=78, page=44, 614.295pt x 794.97pt>
File: RLeeDissertation.pdf Graphic file (type pdf)
<use RLeeDissertation.pdf, page 44>
Package pdftex.def Info: RLeeDissertation.pdf , page44 used on input line 8.
(pdftex.def)             Requested size: 614.58406pt x 795.3441pt.
File: RLeeDissertation.pdf Graphic file (type pdf)
<use RLeeDissertation.pdf, page 44>
Package pdftex.def Info: RLeeDissertation.pdf , page44 used on input line 8.
(pdftex.def)             Requested size: 614.58406pt x 795.3441pt.


File: RLeeDissertation.pdf Graphic file (type pdf)
<use RLeeDissertation.pdf, page 44>
Package pdftex.def Info: RLeeDissertation.pdf , page44 used on input line 8.
(pdftex.def)             Requested size: 614.58406pt x 795.3441pt.
[9

 <./RLeeDissertation.pdf>]
<RLeeDissertation.pdf, id=83, page=45, 614.295pt x 794.97pt>
File: RLeeDissertation.pdf Graphic file (type pdf)
<use RLeeDissertation.pdf, page 45>
Package pdftex.def Info: RLeeDissertation.pdf , page45 used on input line 8.
(pdftex.def)             Requested size: 614.58406pt x 795.3441pt.
File: RLeeDissertation.pdf Graphic file (type pdf)
<use RLeeDissertation.pdf, page 45>
Package pdftex.def Info: RLeeDissertation.pdf , page45 used on input line 8.
(pdftex.def)             Requested size: 614.58406pt x 795.3441pt.


File: RLeeDissertation.pdf Graphic file (type pdf)
<use RLeeDissertation.pdf, page 45>
Package pdftex.def Info: RLeeDissertation.pdf , page45 used on input line 8.
(pdftex.def)             Requested size: 614.58406pt x 795.3441pt.
[10

 <./RLeeDissertation.pdf>]
<RLeeDissertation.pdf, id=87, page=46, 614.295pt x 794.97pt>
File: RLeeDissertation.pdf Graphic file (type pdf)
<use RLeeDissertation.pdf, page 46>
Package pdftex.def Info: RLeeDissertation.pdf , page46 used on input line 8.
(pdftex.def)             Requested size: 614.58406pt x 795.3441pt.
File: RLeeDissertation.pdf Graphic file (type pdf)
<use RLeeDissertation.pdf, page 46>
Package pdftex.def Info: RLeeDissertation.pdf , page46 used on input line 8.
(pdftex.def)             Requested size: 614.58406pt x 795.3441pt.


File: RLeeDissertation.pdf Graphic file (type pdf)
<use RLeeDissertation.pdf, page 46>
Package pdftex.def Info: RLeeDissertation.pdf , page46 used on input line 8.
(pdftex.def)             Requested size: 614.58406pt x 795.3441pt.
[11

 <./RLeeDissertation.pdf>]
<RLeeDissertation.pdf, id=93, page=47, 614.295pt x 794.97pt>
File: RLeeDissertation.pdf Graphic file (type pdf)
<use RLeeDissertation.pdf, page 47>
Package pdftex.def Info: RLeeDissertation.pdf , page47 used on input line 8.
(pdftex.def)             Requested size: 614.58406pt x 795.3441pt.
File: RLeeDissertation.pdf Graphic file (type pdf)
<use RLeeDissertation.pdf, page 47>
Package pdftex.def Info: RLeeDissertation.pdf , page47 used on input line 8.
(pdftex.def)             Requested size: 614.58406pt x 795.3441pt.


File: RLeeDissertation.pdf Graphic file (type pdf)
<use RLeeDissertation.pdf, page 47>
Package pdftex.def Info: RLeeDissertation.pdf , page47 used on input line 8.
(pdftex.def)             Requested size: 614.58406pt x 795.3441pt.
[12

 <./RLeeDissertation.pdf>]
<RLeeDissertation.pdf, id=98, page=48, 614.295pt x 794.97pt>
File: RLeeDissertation.pdf Graphic file (type pdf)
<use RLeeDissertation.pdf, page 48>
Package pdftex.def Info: RLeeDissertation.pdf , page48 used on input line 8.
(pdftex.def)             Requested size: 614.58406pt x 795.3441pt.
File: RLeeDissertation.pdf Graphic file (type pdf)
<use RLeeDissertation.pdf, page 48>
Package pdftex.def Info: RLeeDissertation.pdf , page48 used on input line 8.
(pdftex.def)             Requested size: 614.58406pt x 795.3441pt.


File: RLeeDissertation.pdf Graphic file (type pdf)
<use RLeeDissertation.pdf, page 48>
Package pdftex.def Info: RLeeDissertation.pdf , page48 used on input line 8.
(pdftex.def)             Requested size: 614.58406pt x 795.3441pt.
[13

 <./RLeeDissertation.pdf>]
<RLeeDissertation.pdf, id=110, page=49, 614.295pt x 794.97pt>
File: RLeeDissertation.pdf Graphic file (type pdf)
<use RLeeDissertation.pdf, page 49>
Package pdftex.def Info: RLeeDissertation.pdf , page49 used on input line 8.
(pdftex.def)             Requested size: 614.58406pt x 795.3441pt.
File: RLeeDissertation.pdf Graphic file (type pdf)
<use RLeeDissertation.pdf, page 49>
Package pdftex.def Info: RLeeDissertation.pdf , page49 used on input line 8.
(pdftex.def)             Requested size: 614.58406pt x 795.3441pt.


File: RLeeDissertation.pdf Graphic file (type pdf)
<use RLeeDissertation.pdf, page 49>
Package pdftex.def Info: RLeeDissertation.pdf , page49 used on input line 8.
(pdftex.def)             Requested size: 614.58406pt x 795.3441pt.
[14

 <./RLeeDissertation.pdf>]
<RLeeDissertation.pdf, id=114, page=50, 614.295pt x 794.97pt>
File: RLeeDissertation.pdf Graphic file (type pdf)
<use RLeeDissertation.pdf, page 50>
Package pdftex.def Info: RLeeDissertation.pdf , page50 used on input line 8.
(pdftex.def)             Requested size: 614.58406pt x 795.3441pt.
File: RLeeDissertation.pdf Graphic file (type pdf)
<use RLeeDissertation.pdf, page 50>
Package pdftex.def Info: RLeeDissertation.pdf , page50 used on input line 8.
(pdftex.def)             Requested size: 614.58406pt x 795.3441pt.


File: RLeeDissertation.pdf Graphic file (type pdf)
<use RLeeDissertation.pdf, page 50>
Package pdftex.def Info: RLeeDissertation.pdf , page50 used on input line 8.
(pdftex.def)             Requested size: 614.58406pt x 795.3441pt.
[15

 <./RLeeDissertation.pdf>]
<RLeeDissertation.pdf, id=119, page=51, 614.295pt x 794.97pt>
File: RLeeDissertation.pdf Graphic file (type pdf)
<use RLeeDissertation.pdf, page 51>
Package pdftex.def Info: RLeeDissertation.pdf , page51 used on input line 8.
(pdftex.def)             Requested size: 614.58406pt x 795.3441pt.
File: RLeeDissertation.pdf Graphic file (type pdf)
<use RLeeDissertation.pdf, page 51>
Package pdftex.def Info: RLeeDissertation.pdf , page51 used on input line 8.
(pdftex.def)             Requested size: 614.58406pt x 795.3441pt.


File: RLeeDissertation.pdf Graphic file (type pdf)
<use RLeeDissertation.pdf, page 51>
Package pdftex.def Info: RLeeDissertation.pdf , page51 used on input line 8.
(pdftex.def)             Requested size: 614.58406pt x 795.3441pt.
[16

 <./RLeeDissertation.pdf>]
<RLeeDissertation.pdf, id=123, page=52, 614.295pt x 794.97pt>
File: RLeeDissertation.pdf Graphic file (type pdf)
<use RLeeDissertation.pdf, page 52>
Package pdftex.def Info: RLeeDissertation.pdf , page52 used on input line 8.
(pdftex.def)             Requested size: 614.58406pt x 795.3441pt.
File: RLeeDissertation.pdf Graphic file (type pdf)
<use RLeeDissertation.pdf, page 52>
Package pdftex.def Info: RLeeDissertation.pdf , page52 used on input line 8.
(pdftex.def)             Requested size: 614.58406pt x 795.3441pt.


File: RLeeDissertation.pdf Graphic file (type pdf)
<use RLeeDissertation.pdf, page 52>
Package pdftex.def Info: RLeeDissertation.pdf , page52 used on input line 8.
(pdftex.def)             Requested size: 614.58406pt x 795.3441pt.
[17

 <./RLeeDissertation.pdf>] (./PageSubsetDocument.aux)
 ***********
LaTeX2e <2025-06-01> patch level 1
L3 programming layer <2025-07-19>
 ***********
 ) 
Here is how much of TeX's memory you used:
 3102 strings out of 467816
 50393 string characters out of 5432252
 456438 words of memory out of 5000000
 31729 multiletter control sequences out of 15000+600000
 626825 words of font info for 40 fonts, out of 8000000 for 9000
 1141 hyphenation exceptions out of 8191
 72i,17n,79p,272b,438s stack positions out of 10000i,1000n,20000p,200000b,200000s
</usr/local/texlive/2025/texmf-dist/fonts/type1/public/amsfonts/cm/cmmi10.pfb></usr/local/texlive/2025/texmf-dist/fonts/type1/public/amsfonts/cm/cmsy10.pfb></usr/local/texlive/2025/texmf-dist/fonts/type1/urw/symbol/usyr.pfb></usr/local/texlive/2025/texmf-dist/fonts/type1/urw/times/utmb8a.pfb></usr/local/texlive/2025/texmf-dist/fonts/type1/urw/times/utmr8a.pfb></usr/local/texlive/2025/texmf-dist/fonts/type1/urw/times/utmri8a.pfb>
Output written on PageSubsetDocument.pdf (17 pages, 589565 bytes).
PDF statistics:
 136 PDF objects out of 1000 (max. 8388607)
 70 compressed objects within 1 object stream
 0 named destinations out of 1000 (max. 500000)
 96 words of extra memory for PDF output out of 10000 (max. 10000000)

