\BOOKMARK [0][-]{section*.2}{\376\377\000D\000i\000s\000s\000e\000r\000t\000a\000t\000i\000o\000n\000\040\000A\000p\000p\000r\000o\000v\000a\000l\000\040\000P\000a\000g\000e}{}% 1
\BOOKMARK [0][-]{section*.3}{\376\377\000D\000e\000d\000i\000c\000a\000t\000i\000o\000n}{}% 2
\BOOKMARK [0][-]{section*.4}{\376\377\000E\000p\000i\000g\000r\000a\000p\000h}{}% 3
\BOOKMARK [0][-]{section*.5}{\376\377\000T\000a\000b\000l\000e\000\040\000o\000f\000\040\000C\000o\000n\000t\000e\000n\000t\000s}{}% 4
\BOOKMARK [0][-]{section*.6}{\376\377\000L\000i\000s\000t\000\040\000o\000f\000\040\000F\000i\000g\000u\000r\000e\000s}{}% 5
\BOOKMARK [0][-]{section*.7}{\376\377\000L\000i\000s\000t\000\040\000o\000f\000\040\000T\000a\000b\000l\000e\000s}{}% 6
\BOOKMARK [0][-]{section*.8}{\376\377\000P\000r\000e\000f\000a\000c\000e}{}% 7
\BOOKMARK [0][-]{section*.9}{\376\377\000A\000c\000k\000n\000o\000w\000l\000e\000d\000g\000e\000m\000e\000n\000t\000s}{}% 8
\BOOKMARK [0][-]{section*.10}{\376\377\000V\000i\000t\000a}{}% 9
\BOOKMARK [0][-]{section*.11}{\376\377\000A\000b\000s\000t\000r\000a\000c\000t\000\040\000o\000f\000\040\000t\000h\000e\000\040\000D\000i\000s\000s\000e\000r\000t\000a\000t\000i\000o\000n}{}% 10
\BOOKMARK [0][-]{section*.12}{\376\377\000I\000n\000t\000r\000o\000d\000u\000c\000t\000i\000o\000n}{}% 11
\BOOKMARK [0][-]{chapter.1}{\376\377\000T\000h\000e\000\040\000S\000t\000a\000n\000d\000a\000r\000d\000\040\000M\000o\000d\000e\000l\000\040\000a\000n\000d\000\040\000H\000i\000g\000g\000s\000\040\000B\000o\000s\000o\000n}{}% 12
\BOOKMARK [1][-]{section.1.1}{\376\377\000Q\000u\000a\000n\000t\000u\000m\000\040\000E\000l\000e\000c\000t\000r\000o\000d\000y\000n\000a\000m\000i\000c\000s\000\040\000\050\000Q\000E\000D\000\051}{chapter.1}% 13
\BOOKMARK [1][-]{section.1.2}{\376\377\000Q\000u\000a\000n\000t\000u\000m\000\040\000C\000h\000r\000o\000m\000o\000d\000y\000n\000a\000m\000i\000c\000s\000\040\000\050\000Q\000C\000D\000\051}{chapter.1}% 14
\BOOKMARK [1][-]{section.1.3}{\376\377\000E\000l\000e\000c\000t\000r\000o\000w\000e\000a\000k\000\040\000\050\000E\000W\000\051\000\040\000T\000h\000e\000o\000r\000y}{chapter.1}% 15
\BOOKMARK [1][-]{section.1.4}{\376\377\000T\000h\000e\000\040\000H\000i\000g\000g\000s\000\040\000F\000i\000e\000l\000d\000\040\000a\000n\000d\000\040\000H\000i\000g\000g\000s\000\040\000B\000o\000s\000o\000n}{chapter.1}% 16
\BOOKMARK [2][-]{subsection.1.4.1}{\376\377\000M\000o\000t\000i\000v\000a\000t\000i\000o\000n\000\040\000f\000o\000r\000\040\000t\000h\000e\000\040\000H\000i\000g\000g\000s\000\040\000F\000i\000e\000l\000d}{section.1.4}% 17
\BOOKMARK [2][-]{subsection.1.4.2}{\376\377\000P\000r\000o\000p\000e\000r\000t\000i\000e\000s\000\040\000o\000f\000\040\000t\000h\000e\000\040\000H\000i\000g\000g\000s\000\040\000P\000o\000t\000e\000n\000t\000i\000a\000l}{section.1.4}% 18
\BOOKMARK [2][-]{subsection.1.4.3}{\376\377\000P\000r\000o\000d\000u\000c\000t\000i\000o\000n\000\040\000M\000o\000d\000e\000s\000\040\000o\000f\000\040\000a\000\040\000S\000i\000n\000g\000l\000e\000\040\000H\000i\000g\000g\000s\000\040\000B\000o\000s\000o\000n}{section.1.4}% 19
\BOOKMARK [2][-]{subsection.1.4.4}{\376\377\000D\000e\000c\000a\000y\000\040\000M\000o\000d\000e\000s\000\040\000o\000f\000\040\000a\000\040\000S\000i\000n\000g\000l\000e\000\040\000H\000i\000g\000g\000s\000\040\000B\000o\000s\000o\000n}{section.1.4}% 20
\BOOKMARK [1][-]{section.1.5}{\376\377\000H\000i\000g\000g\000s\000\040\000B\000o\000s\000o\000n\000\040\000D\000e\000c\000a\000y\000i\000n\000g\000\040\000t\000o\000\040\000T\000w\000o\000\040\000P\000h\000o\000t\000o\000n\000s\000\040\000\050\000H\000\040\000\051\000\040}{chapter.1}% 21
\BOOKMARK [2][-]{subsection.1.5.1}{\376\377\000U\000s\000e\000f\000u\000l\000\040\000P\000r\000o\000p\000e\000r\000t\000i\000e\000s\000\040\000f\000o\000r\000\040\000A\000n\000a\000l\000y\000s\000i\000s}{section.1.5}% 22
\BOOKMARK [2][-]{subsection.1.5.2}{\376\377\000H\000i\000s\000t\000o\000r\000i\000c\000a\000l\000\040\000R\000e\000s\000u\000l\000t\000s}{section.1.5}% 23
\BOOKMARK [1][-]{section.1.6}{\376\377\000D\000i\000-\000H\000i\000g\000g\000s\000\040\000P\000r\000o\000d\000u\000c\000t\000i\000o\000n\000\040\000a\000n\000d\000\040\000P\000r\000o\000p\000e\000r\000t\000i\000e\000s}{chapter.1}% 24
\BOOKMARK [2][-]{subsection.1.6.1}{\376\377\000D\000i\000-\000H\000i\000g\000g\000s\000\040\000P\000r\000o\000d\000u\000c\000t\000i\000o\000n\000\040\000M\000o\000d\000e\000s}{section.1.6}% 25
\BOOKMARK [2][-]{subsection.1.6.2}{\376\377\000D\000i\000-\000H\000i\000g\000g\000s\000\040\000D\000e\000c\000a\000y\000\040\000M\000o\000d\000e\000s}{section.1.6}% 26
\BOOKMARK [2][-]{subsection.1.6.3}{\376\377\000U\000s\000e\000f\000u\000l\000n\000e\000s\000s\000\040\000o\000f\000\040\000t\000h\000e\000\040\000H\000H\000\040\000b\000"\0007\0000\0001\0006\000b\000\040\000C\000h\000a\000n\000n\000e\000l}{section.1.6}% 27
\BOOKMARK [0][-]{chapter.2}{\376\377\000T\000h\000e\000\040\000L\000H\000C\000\040\000a\000n\000d\000\040\000C\000M\000S\000\040\000D\000e\000t\000e\000c\000t\000o\000r}{}% 28
\BOOKMARK [1][-]{section.2.1}{\376\377\000T\000h\000e\000\040\000L\000a\000r\000g\000e\000\040\000H\000a\000d\000r\000o\000n\000\040\000C\000o\000l\000l\000i\000d\000e\000r}{chapter.2}% 29
\BOOKMARK [2][-]{subsection.2.1.1}{\376\377\000L\000H\000C\000\040\000D\000e\000s\000i\000g\000n}{section.2.1}% 30
\BOOKMARK [2][-]{subsection.2.1.2}{\376\377\000C\000o\000l\000l\000i\000s\000i\000o\000n\000s\000\040\000a\000t\000\040\000t\000h\000e\000\040\000L\000H\000C}{section.2.1}% 31
\BOOKMARK [2][-]{subsection.2.1.3}{\376\377\000L\000H\000C\000\040\000E\000x\000p\000e\000r\000i\000m\000e\000n\000t\000s}{section.2.1}% 32
\BOOKMARK [1][-]{section.2.2}{\376\377\000T\000h\000e\000\040\000C\000o\000m\000p\000a\000c\000t\000\040\000M\000u\000o\000n\000\040\000S\000o\000l\000e\000n\000o\000i\000d\000\040\000D\000e\000t\000e\000c\000t\000o\000r}{chapter.2}% 33
\BOOKMARK [2][-]{subsection.2.2.1}{\376\377\000B\000e\000a\000m\000p\000i\000p\000e\000\040\000a\000n\000d\000\040\000I\000n\000n\000e\000r\000\040\000T\000r\000a\000c\000k\000i\000n\000g\000\040\000S\000y\000s\000t\000e\000m}{section.2.2}% 34
\BOOKMARK [2][-]{subsection.2.2.2}{\376\377\000E\000l\000e\000c\000t\000r\000o\000m\000a\000g\000n\000e\000t\000i\000c\000\040\000C\000a\000l\000o\000r\000i\000m\000e\000t\000e\000r}{section.2.2}% 35
\BOOKMARK [2][-]{subsection.2.2.3}{\376\377\000H\000a\000d\000r\000o\000n\000\040\000C\000a\000l\000o\000r\000i\000m\000e\000t\000e\000r}{section.2.2}% 36
\BOOKMARK [0][-]{chapter.3}{\376\377\000T\000r\000i\000g\000g\000e\000r\000i\000n\000g\000\040\000a\000n\000d\000\040\000O\000f\000f\000l\000i\000n\000e\000\040\000S\000o\000f\000t\000w\000a\000r\000e}{}% 37
\BOOKMARK [1][-]{section.3.1}{\376\377\000L\000e\000v\000e\000l\000-\0001\000\040\000T\000r\000i\000g\000g\000e\000r}{chapter.3}% 38
\BOOKMARK [2][-]{subsection.3.1.1}{\376\377\000I\000n\000f\000o\000r\000m\000a\000t\000i\000o\000n\000\040\000A\000v\000a\000i\000l\000a\000b\000l\000e\000\040\000t\000o\000\040\000L\0001\000\040\000T\000r\000i\000g\000g\000e\000r\000s}{section.3.1}% 39
\BOOKMARK [2][-]{subsection.3.1.2}{\376\377\000T\000h\000e\000\040\000L\0001\000\040\000M\000e\000n\000u}{section.3.1}% 40
\BOOKMARK [1][-]{section.3.2}{\376\377\000T\000h\000e\000\040\000D\000a\000t\000a\000\040\000A\000q\000u\000i\000s\000i\000t\000i\000o\000n\000\040\000S\000y\000s\000t\000e\000m\000\040\000\050\000D\000A\000Q\000\051}{chapter.3}% 41
\BOOKMARK [1][-]{section.3.3}{\376\377\000H\000i\000g\000h\000\040\000L\000e\000v\000e\000l\000\040\000T\000r\000i\000g\000g\000e\000r}{chapter.3}% 42
\BOOKMARK [2][-]{subsection.3.3.1}{\376\377\000H\000L\000T\000\040\000E\000v\000e\000n\000t\000\040\000R\000e\000c\000o\000n\000s\000t\000r\000u\000c\000t\000i\000o\000n}{section.3.3}% 43
\BOOKMARK [2][-]{subsection.3.3.2}{\376\377\000H\000L\000T\000\040\000T\000r\000i\000g\000g\000e\000r\000\040\000R\000a\000t\000e\000s\000\040\000a\000n\000d\000\040\000T\000i\000m\000i\000n\000g}{section.3.3}% 44
\BOOKMARK [2][-]{subsection.3.3.3}{\376\377\000H\000L\000T\000\040\000S\000o\000f\000t\000w\000a\000r\000e\000\040\000a\000n\000d\000\040\000C\000o\000n\000f\000D\000B}{section.3.3}% 45
\BOOKMARK [1][-]{section.3.4}{\376\377\000A\000n\000a\000l\000y\000s\000i\000s\000\040\000S\000o\000f\000t\000w\000a\000r\000e}{chapter.3}% 46
\BOOKMARK [2][-]{subsection.3.4.1}{\376\377\000O\000f\000f\000l\000i\000n\000e\000\040\000R\000e\000c\000o\000n\000s\000t\000r\000u\000c\000t\000i\000o\000n}{section.3.4}% 47
\BOOKMARK [2][-]{subsection.3.4.2}{\376\377\000T\000h\000e\000\040\000N\000a\000n\000o\000A\000O\000D\000\040\000F\000i\000l\000e\000\040\000F\000o\000r\000m\000a\000t}{section.3.4}% 48
\BOOKMARK [2][-]{subsection.3.4.3}{\376\377\000N\000a\000n\000o\000A\000O\000D\000\040\000E\000v\000e\000n\000t\000\040\000R\000e\000c\000o\000n\000s\000t\000r\000u\000c\000t\000i\000o\000n}{section.3.4}% 49
\BOOKMARK [2][-]{subsection.3.4.4}{\376\377\000H\000i\000g\000g\000s\000D\000N\000A}{section.3.4}% 50
\BOOKMARK [0][-]{chapter.4}{\376\377\000D\000a\000t\000a\000\040\000S\000a\000m\000p\000l\000e\000s\000\040\000a\000n\000d\000\040\000S\000i\000m\000u\000l\000a\000t\000e\000d\000\040\000E\000v\000e\000n\000t\000s}{}% 51
\BOOKMARK [1][-]{section.4.1}{\376\377\000D\000a\000t\000a\000\040\000S\000a\000m\000p\000l\000e\000s}{chapter.4}% 52
\BOOKMARK [2][-]{subsection.4.1.1}{\376\377\000D\000a\000t\000a\000\040\000C\000o\000r\000r\000e\000c\000t\000i\000o\000n\000s\000\040\000a\000n\000d\000\040\000S\000y\000s\000t\000e\000m\000a\000t\000i\000c\000s}{section.4.1}% 53
\BOOKMARK [1][-]{section.4.2}{\376\377\000M\000o\000n\000t\000e\000\040\000C\000a\000r\000l\000o\000\040\000S\000i\000m\000u\000l\000a\000t\000i\000o\000n\000\040\000S\000a\000m\000p\000l\000e\000s}{chapter.4}% 54
\BOOKMARK [2][-]{subsection.4.2.1}{\376\377\000M\000o\000n\000t\000e\000\040\000C\000a\000r\000l\000o\000\040\000C\000o\000r\000r\000e\000c\000t\000i\000o\000n\000s\000\040\000a\000n\000d\000\040\000S\000y\000s\000t\000e\000m\000a\000t\000i\000c\000s}{section.4.2}% 55
\BOOKMARK [0][-]{chapter.5}{\376\377\000D\000e\000v\000e\000l\000o\000p\000m\000e\000n\000t\000\040\000o\000f\000\040\000a\000n\000\040\000M\000V\000A\000-\000B\000a\000s\000e\000d\000\040\000H\000i\000g\000h\000\040\000L\000e\000v\000e\000l\000\040\000T\000r\000i\000g\000g\000e\000r}{}% 56
\BOOKMARK [1][-]{section.5.1}{\376\377\000L\000i\000m\000i\000t\000a\000t\000i\000o\000n\000s\000\040\000a\000n\000d\000\040\000B\000e\000n\000e\000f\000i\000t\000s\000\040\000o\000f\000\040\000C\000u\000r\000r\000e\000n\000t\000\040\000H\000\040\000T\000r\000i\000g\000g\000e\000r}{chapter.5}% 57
\BOOKMARK [1][-]{section.5.2}{\376\377\000D\000e\000v\000e\000l\000o\000p\000m\000e\000n\000t\000\040\000o\000f\000\040\000a\000\040\000B\000o\000o\000s\000t\000e\000d\000\040\000D\000e\000c\000i\000s\000i\000o\000n\000\040\000T\000r\000e\000e\000\040\000f\000o\000r\000\040\000P\000h\000o\000t\000o\000n\000\040\000C\000a\000n\000d\000i\000d\000a\000t\000e\000\040\000C\000l\000a\000s\000s\000i\000f\000i\000c\000a\000t\000i\000o\000n}{chapter.5}% 58
\BOOKMARK [2][-]{subsection.5.2.1}{\376\377\000X\000G\000B\000o\000o\000s\000t\000-\000B\000a\000s\000e\000d\000\040\000B\000D\000T\000\040\000S\000o\000f\000t\000w\000a\000r\000e}{section.5.2}% 59
\BOOKMARK [2][-]{subsection.5.2.2}{\376\377\000S\000i\000g\000n\000a\000l\000\040\000a\000n\000d\000\040\000B\000a\000c\000k\000g\000r\000o\000u\000n\000d\000\040\000S\000a\000m\000p\000l\000e\000s\000\040\000f\000o\000r\000\040\000C\000l\000a\000s\000s\000i\000f\000i\000c\000a\000t\000i\000o\000n}{section.5.2}% 60
\BOOKMARK [2][-]{subsection.5.2.3}{\376\377\000D\000e\000t\000e\000r\000m\000i\000n\000a\000t\000i\000o\000n\000\040\000o\000f\000\040\000I\000n\000p\000u\000t\000\040\000V\000a\000r\000i\000a\000b\000l\000e\000s}{section.5.2}% 61
\BOOKMARK [2][-]{subsection.5.2.4}{\376\377\000H\000y\000p\000e\000r\000p\000a\000r\000a\000m\000e\000t\000e\000r\000\040\000T\000u\000n\000i\000n\000g}{section.5.2}% 62
\BOOKMARK [1][-]{section.5.3}{\376\377\000D\000e\000t\000e\000r\000m\000i\000n\000a\000t\000i\000o\000n\000\040\000o\000f\000\040\000B\000D\000T\000\040\000C\000u\000t\000s}{chapter.5}% 63
\BOOKMARK [1][-]{section.5.4}{\376\377\000F\000i\000n\000a\000l\000\040\000I\000m\000p\000l\000e\000m\000e\000n\000t\000a\000t\000i\000o\000n\000\040\000i\000n\000\040\000H\000L\000T\000\040\000M\000e\000n\000u}{chapter.5}% 64
\BOOKMARK [0][-]{chapter.6}{\376\377\000M\000V\000A\000-\000B\000a\000s\000e\000d\000\040\000O\000f\000f\000l\000i\000n\000e\000\040\000S\000e\000l\000e\000c\000t\000i\000o\000n}{}% 65
\BOOKMARK [1][-]{section.6.1}{\376\377\000C\000u\000r\000r\000e\000n\000t\000\040\000D\000i\000p\000h\000o\000t\000o\000n\000\040\000S\000e\000l\000e\000c\000t\000i\000o\000n}{chapter.6}% 66
\BOOKMARK [2][-]{subsection.6.1.1}{\376\377\000S\000i\000n\000g\000l\000e\000\040\000P\000h\000o\000t\000o\000n\000\040\000P\000r\000e\000s\000e\000l\000e\000c\000t\000i\000o\000n\000\040\000C\000u\000t\000s}{section.6.1}% 67
\BOOKMARK [2][-]{subsection.6.1.2}{\376\377\000S\000i\000n\000g\000l\000e\000\040\000P\000h\000o\000t\000o\000n\000\040\000i\000d\000M\000V\000A}{section.6.1}% 68
\BOOKMARK [2][-]{subsection.6.1.3}{\376\377\000D\000i\000p\000h\000o\000t\000o\000n\000\040\000C\000u\000t\000s\000\040\000a\000n\000d\000\040\000P\000a\000i\000r\000\040\000S\000e\000l\000e\000c\000t\000i\000o\000n}{section.6.1}% 69
\BOOKMARK [1][-]{section.6.2}{\376\377\000D\000e\000v\000e\000l\000o\000p\000m\000e\000n\000t\000\040\000o\000f\000\040\000M\000V\000A\000-\000B\000a\000s\000e\000d\000\040\000O\000f\000f\000l\000i\000n\000e\000\040\000s\000e\000l\000e\000c\000t\000i\000o\000n}{chapter.6}% 70
\BOOKMARK [2][-]{subsection.6.2.1}{\376\377\000C\000r\000e\000a\000t\000i\000o\000n\000\040\000o\000f\000\040\000S\000i\000n\000g\000l\000e\000\040\000P\000h\000o\000t\000o\000n\000\040\000M\000V\000A\000s}{section.6.2}% 71
\BOOKMARK [2][-]{subsection.6.2.2}{\376\377\000D\000e\000t\000e\000r\000m\000i\000n\000a\000t\000i\000o\000n\000\040\000o\000f\000\040\000L\000o\000o\000s\000e\000\040\000S\000i\000n\000g\000l\000e\000\040\000P\000h\000o\000t\000o\000n\000\040\000M\000V\000A\000\040\000C\000u\000t\000s}{section.6.2}% 72
\BOOKMARK [2][-]{subsection.6.2.3}{\376\377\000C\000r\000e\000a\000t\000i\000o\000n\000\040\000o\000f\000\040\000D\000i\000p\000h\000o\000t\000o\000n\000\040\000M\000V\000A}{section.6.2}% 73
\BOOKMARK [0][-]{chapter.7}{\376\377\000E\000v\000a\000l\000u\000a\000t\000i\000o\000n\000\040\000o\000f\000\040\000t\000h\000e\000\040\000M\000V\000A\000-\000H\000L\000T\000\040\000a\000n\000d\000\040\000C\000o\000m\000p\000l\000e\000m\000e\000n\000t\000a\000r\000y\000\040\000O\000f\000f\000l\000i\000n\000e\000\040\000S\000e\000l\000e\000c\000t\000i\000o\000n}{}% 74
\BOOKMARK [1][-]{section.7.1}{\376\377\000M\000e\000a\000s\000u\000r\000e\000m\000e\000n\000t\000\040\000o\000f\000\040\000T\000r\000i\000g\000g\000e\000r\000\040\000R\000a\000t\000e}{chapter.7}% 75
\BOOKMARK [2][-]{subsection.7.1.1}{\376\377\000M\000e\000t\000h\000o\000d\000\040\000o\000f\000\040\000R\000a\000t\000e\000\040\000M\000e\000a\000s\000u\000r\000e\000m\000e\000n\000t}{section.7.1}% 76
\BOOKMARK [2][-]{subsection.7.1.2}{\376\377\000T\000r\000i\000g\000g\000e\000r\000\040\000R\000a\000t\000e\000\040\000o\000f\000\040\000M\000V\000A\000-\000H\000L\000T}{section.7.1}% 77
\BOOKMARK [1][-]{section.7.2}{\376\377\000E\000v\000a\000l\000u\000a\000t\000i\000o\000n\000\040\000o\000f\000\040\000M\000V\000A\000-\000H\000L\000T\000\040\000E\000f\000i\000c\000i\000e\000n\000c\000y\000\040\000o\000n\000\040\000S\000e\000l\000e\000c\000t\000e\000d\000\040\000S\000i\000g\000n\000a\000l\000\040\000S\000a\000m\000p\000l\000e\000s}{chapter.7}% 78
\BOOKMARK [2][-]{subsection.7.2.1}{\376\377\000M\000e\000t\000h\000o\000d\000\040\000o\000f\000\040\000S\000i\000g\000n\000a\000l\000\040\000E\000f\000f\000i\000c\000i\000e\000n\000c\000y\000\040\000M\000e\000a\000s\000u\000r\000e\000m\000e\000n\000t}{section.7.2}% 79
\BOOKMARK [2][-]{subsection.7.2.2}{\376\377\000S\000i\000n\000g\000l\000e\000\040\000H\000i\000g\000g\000s\000\040\000S\000i\000g\000n\000a\000l\000\040\000E\000f\000f\000i\000c\000i\000e\000n\000c\000y}{section.7.2}% 80
\BOOKMARK [2][-]{subsection.7.2.3}{\376\377\000D\000i\000H\000i\000g\000g\000s\000\040\000S\000i\000g\000n\000a\000l\000\040\000E\000f\000f\000i\000c\000i\000e\000n\000c\000y}{section.7.2}% 81
\BOOKMARK [1][-]{section.7.3}{\376\377\000E\000v\000a\000l\000u\000a\000t\000i\000o\000n\000\040\000o\000f\000\040\000O\000f\000f\000l\000i\000n\000e\000\040\000S\000e\000l\000e\000c\000t\000i\000o\000n\000\040\000E\000f\000i\000c\000i\000e\000n\000c\000y\000\040\000w\000i\000t\000h\000\040\000M\000V\000A\000-\000H\000L\000T\000\040}{chapter.7}% 82
\BOOKMARK [2][-]{subsection.7.3.1}{\376\377\000M\000e\000t\000h\000o\000d\000\040\000o\000f\000\040\000S\000i\000g\000n\000a\000l\000\040\000E\000f\000f\000i\000c\000i\000e\000n\000c\000y\000\040\000M\000e\000a\000s\000u\000r\000e\000m\000e\000n\000t}{section.7.3}% 83
\BOOKMARK [2][-]{subsection.7.3.2}{\376\377\000S\000i\000n\000g\000l\000e\000\040\000H\000i\000g\000g\000s\000\040\000S\000i\000g\000n\000a\000l\000\040\000E\000f\000f\000i\000c\000i\000e\000n\000c\000y}{section.7.3}% 84
\BOOKMARK [2][-]{subsection.7.3.3}{\376\377\000D\000i\000H\000i\000g\000g\000s\000\040\000S\000i\000g\000n\000a\000l\000\040\000E\000f\000f\000i\000c\000i\000e\000n\000c\000y}{section.7.3}% 85
\BOOKMARK [0][-]{chapter.8}{\376\377\000S\000u\000m\000m\000a\000r\000y}{}% 86
\BOOKMARK [0][-]{chapter.9}{\376\377\000A\000c\000k\000n\000o\000w\000l\000e\000d\000g\000e\000m\000e\000n\000t\000s}{}% 87
